[2026-02-11 20:22:58] Запуск обновления плейлиста Sefon...
[2026-02-11 20:23:05] Найдено песен: 20
[2026-02-11 20:23:08] Добавлено: Limp Bizkit - Take A Look Around
[2026-02-11 20:23:10] Добавлено: Five Finger Death Punch - Top Of The World
[2026-02-11 20:23:12] Добавлено: In This Moment - Blood
[2026-02-11 20:23:14] Добавлено: Deftones - Doomed User
[2026-02-11 20:23:16] Добавлено: Bad Wolves - Officer Down
[2026-02-11 20:23:18] Добавлено: Korn - Love & Meth
[2026-02-11 20:23:20] Добавлено: Attila - Blackout
[2026-02-11 20:23:22] Добавлено: Korn - Hater
[2026-02-11 20:23:24] Добавлено: Drowning Pool - Tear Away
[2026-02-11 20:23:26] Добавлено: Element Eighty - Broken Promises
[2026-02-11 20:23:28] Добавлено: Love And Death - Lo Lamento
[2026-02-11 20:23:30] Добавлено: Spineshank - Nothing Left For Me
[2026-02-11 20:23:32] Добавлено: Venaculas - Open Your Eyes
[2026-02-11 20:23:35] Добавлено: Otep - Lords Of War
[2026-02-11 20:23:37] Добавлено: СoldCoda - My Flame
[2026-02-11 20:23:39] Добавлено: Мегамасс - Коля
[2026-02-11 20:23:41] Добавлено: Infected Rain - Intoxicating
[2026-02-11 20:23:43] Добавлено: Ventana - Pledge Your Allegiance
[2026-02-11 20:23:45] Добавлено: Maximum The Hormone - Yoshu Fukushu
[2026-02-11 20:23:47] Добавлено: Anti-Clone - Switchblade
[2026-02-11 20:23:47] Готово! Сохранено в /home/napalm/Documents/config/numetal_sefon.m3u
[2026-02-12 17:38:19] Запуск обновления плейлиста Sefon...
[2026-02-12 17:38:27] Найдено песен: 20
[2026-02-12 17:38:29] Добавлено: Limp Bizkit - Take A Look Around
[2026-02-12 17:38:31] Добавлено: Five Finger Death Punch - Top Of The World
[2026-02-12 17:38:33] Добавлено: In This Moment - Blood
[2026-02-12 17:38:36] Добавлено: Deftones - Doomed User
[2026-02-12 17:38:38] Добавлено: Bad Wolves - Officer Down
[2026-02-12 17:38:40] Добавлено: Korn - Love & Meth
[2026-02-12 17:38:42] Добавлено: Attila - Blackout
[2026-02-12 17:38:44] Добавлено: Korn - Hater
[2026-02-12 17:38:46] Добавлено: Drowning Pool - Tear Away
[2026-02-12 17:38:48] Добавлено: Element Eighty - Broken Promises
[2026-02-12 17:38:50] Добавлено: Love And Death - Lo Lamento
[2026-02-12 17:38:52] Добавлено: Spineshank - Nothing Left For Me
[2026-02-12 17:38:54] Добавлено: Venaculas - Open Your Eyes
[2026-02-12 17:38:56] Добавлено: Otep - Lords Of War
[2026-02-12 17:38:58] Добавлено: СoldCoda - My Flame
[2026-02-12 17:39:01] Добавлено: Мегамасс - Коля
[2026-02-12 17:39:03] Добавлено: Infected Rain - Intoxicating
[2026-02-12 17:39:05] Добавлено: Ventana - Pledge Your Allegiance
[2026-02-12 17:39:07] Добавлено: Maximum The Hormone - Yoshu Fukushu
[2026-02-12 17:39:09] Добавлено: Anti-Clone - Switchblade
[2026-02-12 17:39:09] Готово! Сохранено в /home/napalm/Documents/config/numetal_sefon.m3u
